<?xml version="1.0" encoding="UTF-8"?>
<!-- Generated by org.testng.reporters.JUnitReportReporter -->
<testsuite hostname="LAPTOP-M644PBGN" failures="0" tests="2" name="com.goibibo.AppTest" time="11.410" errors="0" timestamp="2021-02-06T21:15:47 IST" skipped="0">
  <testcase classname="com.goibibo.AppTest" name="testDepartureDate" time="0.439"/>
  <system-out/>
  <testcase classname="com.goibibo.AppTest" name="checkFromAndDestination" time="10.971"/>
  <system-out/>
</testsuite> <!-- com.goibibo.AppTest -->
